<?xml version="1.0" encoding="UTF-8"?>
<!-- Generated by org.testng.reporters.JUnitXMLReporter -->
<testsuite ignored="0" hostname="HomeSweetHome" failures="1" tests="5" name="Surefire test" time="18.72" errors="0" timestamp="2024-11-28T10:42:29 IST">
  <testcase classname="rahulshettyacademy.tests.ErrorValidationsTest" name="LoginErrorValidation" time="0.562">
    <skipped/>
  </testcase> <!-- LoginErrorValidation -->
  <testcase classname="rahulshettyacademy.tests.ErrorValidationsTest" name="LoginErrorValidation" time="1.051">
    <failure type="java.lang.AssertionError" message="expected [Incorrect email or password.] but found [Incorrect email  password.]">
      <![CDATA[java.lang.AssertionError: expected [Incorrect email or password.] but found [Incorrect email  password.]
at rahulshettyacademy.tests.ErrorValidationsTest.LoginErrorValidation(ErrorValidationsTest.java:26)
at java.base/java.util.ArrayList.forEach(ArrayList.java:1596)
... Removed 36 stack frames]]>
    </failure>
  </testcase> <!-- LoginErrorValidation -->
  <testcase classname="rahulshettyacademy.tests.SubmitorderTest" name="Submitorder" time="3.185"/>
  <testcase classname="rahulshettyacademy.tests.SubmitorderTest" name="Submitorder" time="3.369"/>
  <testcase classname="rahulshettyacademy.tests.SubmitorderTest" name="OrderHistory" time="1.088"/>
</testsuite> <!-- Surefire test -->
