<?xml version="1.0" encoding="UTF-8"?>
<!-- Generated by org.testng.reporters.JUnitXMLReporter -->
<testsuite ignored="0" hostname="HomeSweetHome" failures="0" tests="3" name="Submit Order Test" time="20.061" errors="0" timestamp="2024-12-09T15:38:54 IST">
  <testcase classname="rahulshettyacademy.tests.SubmitorderTest" name="Submitorder" time="3.787"/>
  <testcase classname="rahulshettyacademy.tests.SubmitorderTest" name="Submitorder" time="3.482"/>
  <testcase classname="rahulshettyacademy.tests.SubmitorderTest" name="OrderHistory" time="0.751"/>
</testsuite> <!-- Submit Order Test -->
