<?xml version="1.0" encoding="UTF-8"?>
<!-- Generated by org.testng.reporters.JUnitXMLReporter -->
<testsuite ignored="0" hostname="HomeSweetHome" failures="0" tests="3" name="Submit Order Test" time="16.749" errors="0" timestamp="2024-11-28T11:52:22 IST">
  <testcase classname="rahulshettyacademy.tests.SubmitorderTest" name="Submitorder" time="4.612"/>
  <testcase classname="rahulshettyacademy.tests.SubmitorderTest" name="Submitorder" time="3.234"/>
  <testcase classname="rahulshettyacademy.tests.SubmitorderTest" name="OrderHistory" time="2.13"/>
</testsuite> <!-- Submit Order Test -->
