<?xml version="1.0" encoding="UTF-8"?>
<testng-results ignored="0" total="4" passed="4" failed="0" skipped="0">
  <reporter-output>
  </reporter-output>
  <suite started-at="2024-11-28T11:52:05 IST" name="Suite" finished-at="2024-11-28T11:52:22 IST" duration-ms="16750">
    <groups>
      <group name="ErrorHandling">
        <method signature="ErrorValidationsTest.LoginErrorValidation()[pri:0, instance:rahulshettyacademy.tests.ErrorValidationsTest@1e16c0aa]" name="LoginErrorValidation" class="rahulshettyacademy.tests.ErrorValidationsTest"/>
      </group> <!-- ErrorHandling -->
      <group name="Purchase">
        <method signature="SubmitorderTest.Submitorder(java.util.HashMap)[pri:0, instance:rahulshettyacademy.tests.SubmitorderTest@43f02ef2]" name="Submitorder" class="rahulshettyacademy.tests.SubmitorderTest"/>
      </group> <!-- Purchase -->
    </groups>
    <test started-at="2024-11-28T11:52:05 IST" name="Error Validation Test" finished-at="2024-11-28T11:52:10 IST" duration-ms="5117">
      <class name="rahulshettyacademy.tests.ErrorValidationsTest">
        <test-method is-config="true" signature="launchApplication()[pri:0, instance:rahulshettyacademy.tests.ErrorValidationsTest@1e16c0aa]" started-at="2024-11-28T11:52:05 IST" name="launchApplication" finished-at="2024-11-28T11:52:08 IST" duration-ms="3143" status="PASS">
          <reporter-output>
          </reporter-output>
        </test-method> <!-- launchApplication -->
        <test-method signature="LoginErrorValidation()[pri:0, instance:rahulshettyacademy.tests.ErrorValidationsTest@1e16c0aa]" started-at="2024-11-28T11:52:08 IST" name="LoginErrorValidation" finished-at="2024-11-28T11:52:10 IST" duration-ms="1904" status="PASS">
          <reporter-output>
          </reporter-output>
        </test-method> <!-- LoginErrorValidation -->
      </class> <!-- rahulshettyacademy.tests.ErrorValidationsTest -->
    </test> <!-- Error Validation Test -->
    <test started-at="2024-11-28T11:52:05 IST" name="Submit Order Test" finished-at="2024-11-28T11:52:22 IST" duration-ms="16749">
      <class name="rahulshettyacademy.tests.SubmitorderTest">
        <test-method is-config="true" signature="launchApplication()[pri:0, instance:rahulshettyacademy.tests.SubmitorderTest@43f02ef2]" started-at="2024-11-28T11:52:05 IST" name="launchApplication" finished-at="2024-11-28T11:52:08 IST" duration-ms="2857" status="PASS">
          <reporter-output>
          </reporter-output>
        </test-method> <!-- launchApplication -->
        <test-method signature="Submitorder(java.util.HashMap)[pri:0, instance:rahulshettyacademy.tests.SubmitorderTest@43f02ef2]" started-at="2024-11-28T11:52:08 IST" name="Submitorder" data-provider="getData" finished-at="2024-11-28T11:52:13 IST" duration-ms="4612" status="PASS">
          <params>
            <param index="0">
              <value>
                <![CDATA[{password=Pooja@1988, product=ZARA COAT 3, email=Pooja@gmail.com}]]>
              </value>
            </param>
          </params>
          <reporter-output>
          </reporter-output>
        </test-method> <!-- Submitorder -->
        <test-method is-config="true" signature="launchApplication()[pri:0, instance:rahulshettyacademy.tests.SubmitorderTest@43f02ef2]" started-at="2024-11-28T11:52:13 IST" name="launchApplication" finished-at="2024-11-28T11:52:15 IST" duration-ms="2228" status="PASS">
          <reporter-output>
          </reporter-output>
        </test-method> <!-- launchApplication -->
        <test-method signature="Submitorder(java.util.HashMap)[pri:0, instance:rahulshettyacademy.tests.SubmitorderTest@43f02ef2]" started-at="2024-11-28T11:52:15 IST" name="Submitorder" data-provider="getData" finished-at="2024-11-28T11:52:18 IST" duration-ms="3234" status="PASS">
          <params>
            <param index="0">
              <value>
                <![CDATA[{password=Riadas12345, product=ADIDAS ORIGINAL, email=Ria@gmail.com}]]>
              </value>
            </param>
          </params>
          <reporter-output>
          </reporter-output>
        </test-method> <!-- Submitorder -->
        <test-method is-config="true" signature="launchApplication()[pri:0, instance:rahulshettyacademy.tests.SubmitorderTest@43f02ef2]" started-at="2024-11-28T11:52:18 IST" name="launchApplication" finished-at="2024-11-28T11:52:20 IST" duration-ms="1330" status="PASS">
          <reporter-output>
          </reporter-output>
        </test-method> <!-- launchApplication -->
        <test-method signature="OrderHistory()[pri:0, instance:rahulshettyacademy.tests.SubmitorderTest@43f02ef2]" started-at="2024-11-28T11:52:20 IST" name="OrderHistory" finished-at="2024-11-28T11:52:22 IST" depends-on-methods="rahulshettyacademy.tests.SubmitorderTest.Submitorder" duration-ms="2130" status="PASS">
          <reporter-output>
          </reporter-output>
        </test-method> <!-- OrderHistory -->
      </class> <!-- rahulshettyacademy.tests.SubmitorderTest -->
    </test> <!-- Submit Order Test -->
  </suite> <!-- Suite -->
</testng-results>
